<?xml version="1.0" encoding="UTF-8"?>
<!-- Generated by org.testng.reporters.JUnitReportReporter -->
<testsuite hostname="DESKTOP-HIKA01I" failures="0" tests="2" name="com.crm.qa.tests.LoginPageTest" time="21.334" errors="0" timestamp="2023-02-04T03:31:29 IST" skipped="0">
  <testcase classname="com.crm.qa.tests.LoginPageTest" name="loginPageTitleTest" time="9.352"/>
  <system-out/>
  <testcase classname="com.crm.qa.tests.LoginPageTest" name="SelectionOfLoginPage" time="11.982"/>
  <system-out/>
</testsuite> <!-- com.crm.qa.tests.LoginPageTest -->
