<?xml version="1.0" encoding="UTF-8"?>
<!-- Generated by org.testng.reporters.JUnitReportReporter -->
<testsuite hostname="DESKTOP-HIKA01I" failures="0" tests="1" name="com.crm.qa.tests.LoginPageTest" time="9.266" errors="0" timestamp="2023-02-03T11:48:05 IST" skipped="0">
  <testcase classname="com.crm.qa.tests.LoginPageTest" name="loginPageTitleTest" time="9.266"/>
  <system-out/>
</testsuite> <!-- com.crm.qa.tests.LoginPageTest -->
