<?xml version="1.0" encoding="UTF-8"?>
<!-- Generated by org.testng.reporters.JUnitReportReporter -->
<testsuite hostname="DESKTOP-HIKA01I" failures="0" tests="1" name="com.crm.qa.tests.LoginPageTest" time="10.404" errors="0" timestamp="2023-02-04T03:22:49 IST" skipped="0">
  <testcase classname="com.crm.qa.tests.LoginPageTest" name="loginPageTitleTest" time="10.404"/>
  <system-out/>
</testsuite> <!-- com.crm.qa.tests.LoginPageTest -->
