<?xml version="1.0" encoding="UTF-8"?>
<!-- Generated by org.testng.reporters.JUnitReportReporter -->
<testsuite hostname="DESKTOP-HIKA01I" failures="0" tests="4" name="com.crm.qa.tests.HomePageTest" time="46.754" errors="0" timestamp="2023-01-26T11:03:03 IST" skipped="0">
  <testcase classname="com.crm.qa.tests.HomePageTest" name="verifyDealsLinksTest" time="16.832"/>
  <system-out/>
  <testcase classname="com.crm.qa.tests.HomePageTest" name="verifyUserNameTest" time="10.593"/>
  <system-out/>
  <testcase classname="com.crm.qa.tests.HomePageTest" name="verifyHomePageTitleTest" time="9.015"/>
  <system-out/>
  <testcase classname="com.crm.qa.tests.HomePageTest" name="verifyContactsLinksTest" time="10.314"/>
  <system-out/>
</testsuite> <!-- com.crm.qa.tests.HomePageTest -->
