<?xml version="1.0" encoding="UTF-8"?>
<!-- Generated by org.testng.reporters.JUnitReportReporter -->
<testsuite hostname="DESKTOP-HIKA01I" failures="0" tests="4" name="com.crm.qa.tests.HomePageTest" time="64.927" errors="0" timestamp="2023-02-03T19:48:40 IST" skipped="0">
  <testcase classname="com.crm.qa.tests.HomePageTest" name="verifyDealsLinksTest" time="17.650"/>
  <system-out/>
  <testcase classname="com.crm.qa.tests.HomePageTest" name="verifyUserNameTest" time="22.079"/>
  <system-out/>
  <testcase classname="com.crm.qa.tests.HomePageTest" name="verifyHomePageTitleTest" time="12.122"/>
  <system-out/>
  <testcase classname="com.crm.qa.tests.HomePageTest" name="verifyContactsLinksTest" time="13.076"/>
  <system-out/>
</testsuite> <!-- com.crm.qa.tests.HomePageTest -->
